<?xml version="1.0" encoding="UTF-8"?>
<testng-results ignored="0" total="3" passed="2" failed="1" skipped="0">
  <reporter-output>
  </reporter-output>
  <suite started-at="2024-07-22T10:38:17 IST" name="Default suite" finished-at="2024-07-22T10:39:58 IST" duration-ms="100284">
    <groups>
    </groups>
    <test started-at="2024-07-22T10:38:17 IST" name="Default test" finished-at="2024-07-22T10:39:58 IST" duration-ms="100284">
      <class name="com.ecommerce.testpackage.LoginLogoutTest">
        <test-method is-config="true" signature="fun()[pri:0, instance:com.ecommerce.testpackage.LoginLogoutTest@3e11f9e9]" started-at="2024-07-22T10:38:17 IST" name="fun" finished-at="2024-07-22T10:38:27 IST" duration-ms="10091" status="PASS">
          <reporter-output>
          </reporter-output>
        </test-method> <!-- fun -->
        <test-method signature="loginTest()[pri:1, instance:com.ecommerce.testpackage.LoginLogoutTest@3e11f9e9]" started-at="2024-07-22T10:38:27 IST" name="loginTest" finished-at="2024-07-22T10:38:39 IST" duration-ms="11747" status="PASS">
          <reporter-output>
          </reporter-output>
        </test-method> <!-- loginTest -->
        <test-method is-config="true" signature="closeChrome()[pri:0, instance:com.ecommerce.testpackage.LoginLogoutTest@3e11f9e9]" started-at="2024-07-22T10:38:39 IST" name="closeChrome" finished-at="2024-07-22T10:38:46 IST" duration-ms="6357" status="PASS">
          <reporter-output>
          </reporter-output>
        </test-method> <!-- closeChrome -->
        <test-method is-config="true" signature="fun()[pri:0, instance:com.ecommerce.testpackage.LoginLogoutTest@3e11f9e9]" started-at="2024-07-22T10:38:46 IST" name="fun" finished-at="2024-07-22T10:38:51 IST" duration-ms="5268" status="PASS">
          <reporter-output>
          </reporter-output>
        </test-method> <!-- fun -->
        <test-method signature="logoutTest()[pri:2, instance:com.ecommerce.testpackage.LoginLogoutTest@3e11f9e9]" started-at="2024-07-22T10:38:51 IST" name="logoutTest" finished-at="2024-07-22T10:39:35 IST" duration-ms="44244" status="FAIL">
          <exception class="org.openqa.selenium.TimeoutException">
            <message>
              <![CDATA[Expected condition failed: waiting for element to be clickable: By.xpath: //span[contains(text(),'Account & Lists')] (tried for 20 second(s) with 500 milliseconds interval)
Build info: version: '4.22.0', revision: 'c5f3146703*'
System info: os.name: 'Windows 10', os.arch: 'amd64', os.version: '10.0', java.version: '11.0.22'
Driver info: org.openqa.selenium.chrome.ChromeDriver
Capabilities {acceptInsecureCerts: false, browserName: chrome, browserVersion: 126.0.6478.128, chrome: {chromedriverVersion: 126.0.6478.182 (5b5d8292ddf..., userDataDir: C:\Users\HP\AppData\Local\T...}, fedcm:accounts: true, goog:chromeOptions: {debuggerAddress: localhost:62334}, networkConnectionEnabled: false, pageLoadStrategy: normal, platformName: windows, proxy: Proxy(), se:cdp: ws://localhost:62334/devtoo..., se:cdpVersion: 126.0.6478.128, setWindowRect: true, strictFileInteractability: false, timeouts: {implicit: 0, pageLoad: 300000, script: 30000}, unhandledPromptBehavior: dismiss and notify, webauthn:extension:credBlob: true, webauthn:extension:largeBlob: true, webauthn:extension:minPinLength: true, webauthn:extension:prf: true, webauthn:virtualAuthenticators: true}
Session ID: 1bb35620c6e4250b84bbcc633f8dc598]]>
            </message>
            <full-stacktrace>
              <![CDATA[org.openqa.selenium.TimeoutException: Expected condition failed: waiting for element to be clickable: By.xpath: //span[contains(text(),'Account & Lists')] (tried for 20 second(s) with 500 milliseconds interval)
Build info: version: '4.22.0', revision: 'c5f3146703*'
System info: os.name: 'Windows 10', os.arch: 'amd64', os.version: '10.0', java.version: '11.0.22'
Driver info: org.openqa.selenium.chrome.ChromeDriver
Capabilities {acceptInsecureCerts: false, browserName: chrome, browserVersion: 126.0.6478.128, chrome: {chromedriverVersion: 126.0.6478.182 (5b5d8292ddf..., userDataDir: C:\Users\HP\AppData\Local\T...}, fedcm:accounts: true, goog:chromeOptions: {debuggerAddress: localhost:62334}, networkConnectionEnabled: false, pageLoadStrategy: normal, platformName: windows, proxy: Proxy(), se:cdp: ws://localhost:62334/devtoo..., se:cdpVersion: 126.0.6478.128, setWindowRect: true, strictFileInteractability: false, timeouts: {implicit: 0, pageLoad: 300000, script: 30000}, unhandledPromptBehavior: dismiss and notify, webauthn:extension:credBlob: true, webauthn:extension:largeBlob: true, webauthn:extension:minPinLength: true, webauthn:extension:prf: true, webauthn:virtualAuthenticators: true}
Session ID: 1bb35620c6e4250b84bbcc633f8dc598
at org.openqa.selenium.support.ui.WebDriverWait.timeoutException(WebDriverWait.java:84)
at org.openqa.selenium.support.ui.FluentWait.until(FluentWait.java:228)
at com.ecommerce.PageObjects.HomePage.mouseHoverOnAccountAndLists(HomePage.java:33)
at com.ecommerce.util.Base.logOut(Base.java:66)
at com.ecommerce.PageObjects.LoginPage.isLogoutSuccessfull(LoginPage.java:54)
at com.ecommerce.testpackage.LoginLogoutTest.logoutTest(LoginLogoutTest.java:66)
at java.base/jdk.internal.reflect.NativeMethodAccessorImpl.invoke0(Native Method)
at java.base/jdk.internal.reflect.NativeMethodAccessorImpl.invoke(NativeMethodAccessorImpl.java:62)
at java.base/jdk.internal.reflect.DelegatingMethodAccessorImpl.invoke(DelegatingMethodAccessorImpl.java:43)
at java.base/java.lang.reflect.Method.invoke(Method.java:566)
at org.testng.internal.invokers.MethodInvocationHelper.invokeMethod(MethodInvocationHelper.java:136)
at org.testng.internal.invokers.TestInvoker.invokeMethod(TestInvoker.java:658)
at org.testng.internal.invokers.TestInvoker.invokeTestMethod(TestInvoker.java:219)
at org.testng.internal.invokers.MethodRunner.runInSequence(MethodRunner.java:50)
at org.testng.internal.invokers.TestInvoker$MethodInvocationAgent.invoke(TestInvoker.java:923)
at org.testng.internal.invokers.TestInvoker.invokeTestMethods(TestInvoker.java:192)
at org.testng.internal.invokers.TestMethodWorker.invokeTestMethods(TestMethodWorker.java:146)
at org.testng.internal.invokers.TestMethodWorker.run(TestMethodWorker.java:128)
at java.base/java.util.ArrayList.forEach(ArrayList.java:1541)
at org.testng.TestRunner.privateRun(TestRunner.java:808)
at org.testng.TestRunner.run(TestRunner.java:603)
at org.testng.SuiteRunner.runTest(SuiteRunner.java:429)
at org.testng.SuiteRunner.runSequentially(SuiteRunner.java:423)
at org.testng.SuiteRunner.privateRun(SuiteRunner.java:383)
at org.testng.SuiteRunner.run(SuiteRunner.java:326)
at org.testng.SuiteRunnerWorker.runSuite(SuiteRunnerWorker.java:52)
at org.testng.SuiteRunnerWorker.run(SuiteRunnerWorker.java:95)
at org.testng.TestNG.runSuitesSequentially(TestNG.java:1249)
at org.testng.TestNG.runSuitesLocally(TestNG.java:1169)
at org.testng.TestNG.runSuites(TestNG.java:1092)
at org.testng.TestNG.run(TestNG.java:1060)
at org.testng.remote.AbstractRemoteTestNG.run(AbstractRemoteTestNG.java:115)
at org.testng.remote.RemoteTestNG.initAndRun(RemoteTestNG.java:293)
at org.testng.remote.RemoteTestNG.main(RemoteTestNG.java:91)
]]>
            </full-stacktrace>
          </exception> <!-- org.openqa.selenium.TimeoutException -->
          <reporter-output>
          </reporter-output>
        </test-method> <!-- logoutTest -->
        <test-method is-config="true" signature="closeChrome()[pri:0, instance:com.ecommerce.testpackage.LoginLogoutTest@3e11f9e9]" started-at="2024-07-22T10:39:35 IST" name="closeChrome" finished-at="2024-07-22T10:39:41 IST" duration-ms="6264" status="PASS">
          <reporter-output>
          </reporter-output>
        </test-method> <!-- closeChrome -->
        <test-method is-config="true" signature="fun()[pri:0, instance:com.ecommerce.testpackage.LoginLogoutTest@3e11f9e9]" started-at="2024-07-22T10:39:41 IST" name="fun" finished-at="2024-07-22T10:39:46 IST" duration-ms="4878" status="PASS">
          <reporter-output>
          </reporter-output>
        </test-method> <!-- fun -->
        <test-method signature="loginWithEmptyPassword()[pri:3, instance:com.ecommerce.testpackage.LoginLogoutTest@3e11f9e9]" started-at="2024-07-22T10:39:46 IST" name="loginWithEmptyPassword" finished-at="2024-07-22T10:39:51 IST" duration-ms="5038" status="PASS">
          <reporter-output>
          </reporter-output>
        </test-method> <!-- loginWithEmptyPassword -->
        <test-method is-config="true" signature="closeChrome()[pri:0, instance:com.ecommerce.testpackage.LoginLogoutTest@3e11f9e9]" started-at="2024-07-22T10:39:51 IST" name="closeChrome" finished-at="2024-07-22T10:39:58 IST" duration-ms="6290" status="PASS">
          <reporter-output>
          </reporter-output>
        </test-method> <!-- closeChrome -->
      </class> <!-- com.ecommerce.testpackage.LoginLogoutTest -->
    </test> <!-- Default test -->
  </suite> <!-- Default suite -->
</testng-results>
