<?xml version="1.0" encoding="UTF-8"?>
<testng-results ignored="0" total="3" passed="2" failed="1" skipped="0">
  <reporter-output>
  </reporter-output>
  <suite started-at="2024-08-28T09:31:29 IST" name="Default suite" finished-at="2024-08-28T09:33:04 IST" duration-ms="94770">
    <groups>
    </groups>
    <test started-at="2024-08-28T09:31:29 IST" name="Default test" finished-at="2024-08-28T09:33:04 IST" duration-ms="94770">
      <class name="com.ecommerce.testpackage.LoginLogoutTest">
        <test-method is-config="true" signature="fun()[pri:0, instance:com.ecommerce.testpackage.LoginLogoutTest@123ef382]" started-at="2024-08-28T09:31:29 IST" name="fun" finished-at="2024-08-28T09:31:36 IST" duration-ms="6449" status="PASS">
          <reporter-output>
          </reporter-output>
        </test-method> <!-- fun -->
        <test-method signature="loginTest()[pri:1, instance:com.ecommerce.testpackage.LoginLogoutTest@123ef382]" started-at="2024-08-28T09:31:36 IST" name="loginTest" finished-at="2024-08-28T09:31:45 IST" duration-ms="9807" status="PASS">
          <reporter-output>
          </reporter-output>
        </test-method> <!-- loginTest -->
        <test-method is-config="true" signature="closeChrome()[pri:0, instance:com.ecommerce.testpackage.LoginLogoutTest@123ef382]" started-at="2024-08-28T09:31:45 IST" name="closeChrome" finished-at="2024-08-28T09:31:52 IST" duration-ms="6305" status="PASS">
          <reporter-output>
          </reporter-output>
        </test-method> <!-- closeChrome -->
        <test-method is-config="true" signature="fun()[pri:0, instance:com.ecommerce.testpackage.LoginLogoutTest@123ef382]" started-at="2024-08-28T09:31:52 IST" name="fun" finished-at="2024-08-28T09:31:57 IST" duration-ms="5069" status="PASS">
          <reporter-output>
          </reporter-output>
        </test-method> <!-- fun -->
        <test-method signature="logoutTest()[pri:2, instance:com.ecommerce.testpackage.LoginLogoutTest@123ef382]" started-at="2024-08-28T09:31:57 IST" name="logoutTest" finished-at="2024-08-28T09:32:41 IST" duration-ms="43724" status="FAIL">
          <exception class="org.openqa.selenium.TimeoutException">
            <message>
              <![CDATA[Expected condition failed: waiting for element to be clickable: By.xpath: //span[contains(text(),'Account & Lists')] (tried for 20 second(s) with 500 milliseconds interval)
Build info: version: '4.22.0', revision: 'c5f3146703*'
System info: os.name: 'Windows 10', os.arch: 'amd64', os.version: '10.0', java.version: '18.0.2.1'
Driver info: org.openqa.selenium.chrome.ChromeDriver
Capabilities {acceptInsecureCerts: false, browserName: chrome, browserVersion: 127.0.6533.120, chrome: {chromedriverVersion: 127.0.6533.119 (bdef6783a05..., userDataDir: C:\Users\HP\AppData\Local\T...}, fedcm:accounts: true, goog:chromeOptions: {debuggerAddress: localhost:53345}, networkConnectionEnabled: false, pageLoadStrategy: normal, platformName: windows, proxy: Proxy(), se:cdp: ws://localhost:53345/devtoo..., se:cdpVersion: 127.0.6533.120, setWindowRect: true, strictFileInteractability: false, timeouts: {implicit: 0, pageLoad: 300000, script: 30000}, unhandledPromptBehavior: dismiss and notify, webauthn:extension:credBlob: true, webauthn:extension:largeBlob: true, webauthn:extension:minPinLength: true, webauthn:extension:prf: true, webauthn:virtualAuthenticators: true}
Session ID: 0089b544297e02d6dc69c1e08b3a4a2f]]>
            </message>
            <full-stacktrace>
              <![CDATA[org.openqa.selenium.TimeoutException: Expected condition failed: waiting for element to be clickable: By.xpath: //span[contains(text(),'Account & Lists')] (tried for 20 second(s) with 500 milliseconds interval)
Build info: version: '4.22.0', revision: 'c5f3146703*'
System info: os.name: 'Windows 10', os.arch: 'amd64', os.version: '10.0', java.version: '18.0.2.1'
Driver info: org.openqa.selenium.chrome.ChromeDriver
Capabilities {acceptInsecureCerts: false, browserName: chrome, browserVersion: 127.0.6533.120, chrome: {chromedriverVersion: 127.0.6533.119 (bdef6783a05..., userDataDir: C:\Users\HP\AppData\Local\T...}, fedcm:accounts: true, goog:chromeOptions: {debuggerAddress: localhost:53345}, networkConnectionEnabled: false, pageLoadStrategy: normal, platformName: windows, proxy: Proxy(), se:cdp: ws://localhost:53345/devtoo..., se:cdpVersion: 127.0.6533.120, setWindowRect: true, strictFileInteractability: false, timeouts: {implicit: 0, pageLoad: 300000, script: 30000}, unhandledPromptBehavior: dismiss and notify, webauthn:extension:credBlob: true, webauthn:extension:largeBlob: true, webauthn:extension:minPinLength: true, webauthn:extension:prf: true, webauthn:virtualAuthenticators: true}
Session ID: 0089b544297e02d6dc69c1e08b3a4a2f
at org.openqa.selenium.support.ui.WebDriverWait.timeoutException(WebDriverWait.java:84)
at org.openqa.selenium.support.ui.FluentWait.until(FluentWait.java:228)
at com.ecommerce.PageObjects.HomePage.mouseHoverOnAccountAndLists(HomePage.java:33)
at com.ecommerce.util.Base.logOut(Base.java:66)
at com.ecommerce.PageObjects.LoginPage.isLogoutSuccessfull(LoginPage.java:54)
at com.ecommerce.testpackage.LoginLogoutTest.logoutTest(LoginLogoutTest.java:66)
at java.base/jdk.internal.reflect.DirectMethodHandleAccessor.invoke(DirectMethodHandleAccessor.java:104)
at java.base/java.lang.reflect.Method.invoke(Method.java:577)
at org.testng.internal.invokers.MethodInvocationHelper.invokeMethod(MethodInvocationHelper.java:136)
at org.testng.internal.invokers.TestInvoker.invokeMethod(TestInvoker.java:658)
at org.testng.internal.invokers.TestInvoker.invokeTestMethod(TestInvoker.java:219)
at org.testng.internal.invokers.MethodRunner.runInSequence(MethodRunner.java:50)
at org.testng.internal.invokers.TestInvoker$MethodInvocationAgent.invoke(TestInvoker.java:923)
at org.testng.internal.invokers.TestInvoker.invokeTestMethods(TestInvoker.java:192)
at org.testng.internal.invokers.TestMethodWorker.invokeTestMethods(TestMethodWorker.java:146)
at org.testng.internal.invokers.TestMethodWorker.run(TestMethodWorker.java:128)
at java.base/java.util.ArrayList.forEach(ArrayList.java:1511)
at org.testng.TestRunner.privateRun(TestRunner.java:808)
at org.testng.TestRunner.run(TestRunner.java:603)
at org.testng.SuiteRunner.runTest(SuiteRunner.java:429)
at org.testng.SuiteRunner.runSequentially(SuiteRunner.java:423)
at org.testng.SuiteRunner.privateRun(SuiteRunner.java:383)
at org.testng.SuiteRunner.run(SuiteRunner.java:326)
at org.testng.SuiteRunnerWorker.runSuite(SuiteRunnerWorker.java:52)
at org.testng.SuiteRunnerWorker.run(SuiteRunnerWorker.java:95)
at org.testng.TestNG.runSuitesSequentially(TestNG.java:1249)
at org.testng.TestNG.runSuitesLocally(TestNG.java:1169)
at org.testng.TestNG.runSuites(TestNG.java:1092)
at org.testng.TestNG.run(TestNG.java:1060)
at org.testng.remote.AbstractRemoteTestNG.run(AbstractRemoteTestNG.java:115)
at org.testng.remote.RemoteTestNG.initAndRun(RemoteTestNG.java:293)
at org.testng.remote.RemoteTestNG.main(RemoteTestNG.java:91)
]]>
            </full-stacktrace>
          </exception> <!-- org.openqa.selenium.TimeoutException -->
          <reporter-output>
          </reporter-output>
        </test-method> <!-- logoutTest -->
        <test-method is-config="true" signature="closeChrome()[pri:0, instance:com.ecommerce.testpackage.LoginLogoutTest@123ef382]" started-at="2024-08-28T09:32:41 IST" name="closeChrome" finished-at="2024-08-28T09:32:47 IST" duration-ms="6203" status="PASS">
          <reporter-output>
          </reporter-output>
        </test-method> <!-- closeChrome -->
        <test-method is-config="true" signature="fun()[pri:0, instance:com.ecommerce.testpackage.LoginLogoutTest@123ef382]" started-at="2024-08-28T09:32:47 IST" name="fun" finished-at="2024-08-28T09:32:52 IST" duration-ms="4974" status="PASS">
          <reporter-output>
          </reporter-output>
        </test-method> <!-- fun -->
        <test-method signature="loginWithEmptyPassword()[pri:3, instance:com.ecommerce.testpackage.LoginLogoutTest@123ef382]" started-at="2024-08-28T09:32:52 IST" name="loginWithEmptyPassword" finished-at="2024-08-28T09:32:58 IST" duration-ms="5861" status="PASS">
          <reporter-output>
          </reporter-output>
        </test-method> <!-- loginWithEmptyPassword -->
        <test-method is-config="true" signature="closeChrome()[pri:0, instance:com.ecommerce.testpackage.LoginLogoutTest@123ef382]" started-at="2024-08-28T09:32:58 IST" name="closeChrome" finished-at="2024-08-28T09:33:04 IST" duration-ms="6286" status="PASS">
          <reporter-output>
          </reporter-output>
        </test-method> <!-- closeChrome -->
      </class> <!-- com.ecommerce.testpackage.LoginLogoutTest -->
    </test> <!-- Default test -->
  </suite> <!-- Default suite -->
</testng-results>
